<?xml version="1.0" encoding="UTF-8"?>
<testsuite xmlns:xsi="http://www.w3.org/2001/XMLSchema-instance" xsi:noNamespaceSchemaLocation="https://maven.apache.org/surefire/maven-surefire-plugin/xsd/surefire-test-report-3.0.xsd" version="3.0" name="homework1.calculatortests.DivLongTests" time="0.484" tests="13" errors="0" skipped="0" failures="0">
  <properties>
[...]
</properties>
  <testcase name="testGeneralCorrectness(long, long, long)[1]" classname="homework1.calculatortests.DivLongTests" time="0.125"/>
  <testcase name="testGeneralCorrectness(long, long, long)[2]" classname="homework1.calculatortests.DivLongTests" time="0.0"/>
  <testcase name="testGeneralCorrectness(long, long, long)[3]" classname="homework1.calculatortests.DivLongTests" time="0.0"/>
  <testcase name="testDivisionByZero(long)[1]" classname="homework1.calculatortests.DivLongTests" time="0.015"/>
  <testcase name="testDivisionByZero(long)[2]" classname="homework1.calculatortests.DivLongTests" time="0.0"/>
  <testcase name="testDivisionByZero(long)[3]" classname="homework1.calculatortests.DivLongTests" time="0.0"/>
  <testcase name="testDivisionByZero(long)[4]" classname="homework1.calculatortests.DivLongTests" time="0.0"/>
  <testcase name="testDivisionByZero(long)[5]" classname="homework1.calculatortests.DivLongTests" time="0.0"/>
  <testcase name="testDivisionByOne(long)[1]" classname="homework1.calculatortests.DivLongTests" time="0.0"/>
  <testcase name="testDivisionByOne(long)[2]" classname="homework1.calculatortests.DivLongTests" time="0.016"/>
  <testcase name="testDivisionByOne(long)[3]" classname="homework1.calculatortests.DivLongTests" time="0.0"/>
  <testcase name="testDivisionByOne(long)[4]" classname="homework1.calculatortests.DivLongTests" time="0.0"/>
  <testcase name="testDivisionByOne(long)[5]" classname="homework1.calculatortests.DivLongTests" time="0.0"/>
</testsuite>